running egg_info
creating ../../build/ros_nav/ros_nav.egg-info
writing ../../build/ros_nav/ros_nav.egg-info/PKG-INFO
writing dependency_links to ../../build/ros_nav/ros_nav.egg-info/dependency_links.txt
writing entry points to ../../build/ros_nav/ros_nav.egg-info/entry_points.txt
writing requirements to ../../build/ros_nav/ros_nav.egg-info/requires.txt
writing top-level names to ../../build/ros_nav/ros_nav.egg-info/top_level.txt
writing manifest file '../../build/ros_nav/ros_nav.egg-info/SOURCES.txt'
reading manifest file '../../build/ros_nav/ros_nav.egg-info/SOURCES.txt'
adding license file 'LICENSE'
writing manifest file '../../build/ros_nav/ros_nav.egg-info/SOURCES.txt'
running build
running build_py
creating /home/vscode/workspace/nav_workspace/build/ros_nav/build
creating /home/vscode/workspace/nav_workspace/build/ros_nav/build/lib
creating /home/vscode/workspace/nav_workspace/build/ros_nav/build/lib/ros_nav
copying ros_nav/__init__.py -> /home/vscode/workspace/nav_workspace/build/ros_nav/build/lib/ros_nav
copying ros_nav/drive_forward.py -> /home/vscode/workspace/nav_workspace/build/ros_nav/build/lib/ros_nav
copying ros_nav/motor_controller.py -> /home/vscode/workspace/nav_workspace/build/ros_nav/build/lib/ros_nav
creating /home/vscode/workspace/nav_workspace/build/ros_nav/build/lib/ros_nav/utils
copying ros_nav/utils/__init__.py -> /home/vscode/workspace/nav_workspace/build/ros_nav/build/lib/ros_nav/utils
copying ros_nav/utils/drive_test.py -> /home/vscode/workspace/nav_workspace/build/ros_nav/build/lib/ros_nav/utils
copying ros_nav/utils/motor_serial.py -> /home/vscode/workspace/nav_workspace/build/ros_nav/build/lib/ros_nav/utils
running install
running install_lib
creating /home/vscode/workspace/nav_workspace/install/ros_nav/lib/python3.10/site-packages/ros_nav
copying /home/vscode/workspace/nav_workspace/build/ros_nav/build/lib/ros_nav/__init__.py -> /home/vscode/workspace/nav_workspace/install/ros_nav/lib/python3.10/site-packages/ros_nav
copying /home/vscode/workspace/nav_workspace/build/ros_nav/build/lib/ros_nav/drive_forward.py -> /home/vscode/workspace/nav_workspace/install/ros_nav/lib/python3.10/site-packages/ros_nav
copying /home/vscode/workspace/nav_workspace/build/ros_nav/build/lib/ros_nav/motor_controller.py -> /home/vscode/workspace/nav_workspace/install/ros_nav/lib/python3.10/site-packages/ros_nav
creating /home/vscode/workspace/nav_workspace/install/ros_nav/lib/python3.10/site-packages/ros_nav/utils
copying /home/vscode/workspace/nav_workspace/build/ros_nav/build/lib/ros_nav/utils/__init__.py -> /home/vscode/workspace/nav_workspace/install/ros_nav/lib/python3.10/site-packages/ros_nav/utils
copying /home/vscode/workspace/nav_workspace/build/ros_nav/build/lib/ros_nav/utils/drive_test.py -> /home/vscode/workspace/nav_workspace/install/ros_nav/lib/python3.10/site-packages/ros_nav/utils
copying /home/vscode/workspace/nav_workspace/build/ros_nav/build/lib/ros_nav/utils/motor_serial.py -> /home/vscode/workspace/nav_workspace/install/ros_nav/lib/python3.10/site-packages/ros_nav/utils
byte-compiling /home/vscode/workspace/nav_workspace/install/ros_nav/lib/python3.10/site-packages/ros_nav/__init__.py to __init__.cpython-310.pyc
byte-compiling /home/vscode/workspace/nav_workspace/install/ros_nav/lib/python3.10/site-packages/ros_nav/drive_forward.py to drive_forward.cpython-310.pyc
byte-compiling /home/vscode/workspace/nav_workspace/install/ros_nav/lib/python3.10/site-packages/ros_nav/motor_controller.py to motor_controller.cpython-310.pyc
byte-compiling /home/vscode/workspace/nav_workspace/install/ros_nav/lib/python3.10/site-packages/ros_nav/utils/__init__.py to __init__.cpython-310.pyc
byte-compiling /home/vscode/workspace/nav_workspace/install/ros_nav/lib/python3.10/site-packages/ros_nav/utils/drive_test.py to drive_test.cpython-310.pyc
byte-compiling /home/vscode/workspace/nav_workspace/install/ros_nav/lib/python3.10/site-packages/ros_nav/utils/motor_serial.py to motor_serial.cpython-310.pyc
running install_data
creating /home/vscode/workspace/nav_workspace/install/ros_nav/share/ament_index
creating /home/vscode/workspace/nav_workspace/install/ros_nav/share/ament_index/resource_index
creating /home/vscode/workspace/nav_workspace/install/ros_nav/share/ament_index/resource_index/packages
copying resource/ros_nav -> /home/vscode/workspace/nav_workspace/install/ros_nav/share/ament_index/resource_index/packages
copying package.xml -> /home/vscode/workspace/nav_workspace/install/ros_nav/share/ros_nav
running install_egg_info
Copying ../../build/ros_nav/ros_nav.egg-info to /home/vscode/workspace/nav_workspace/install/ros_nav/lib/python3.10/site-packages/ros_nav-0.0.0-py3.10.egg-info
running install_scripts
Installing drive_forward script to /home/vscode/workspace/nav_workspace/install/ros_nav/lib/ros_nav
Installing motor_controller script to /home/vscode/workspace/nav_workspace/install/ros_nav/lib/ros_nav
writing list of installed files to '/home/vscode/workspace/nav_workspace/build/ros_nav/install.log'
