[1.332s] Invoking command in '/home/vscode/workspace/nav_workspace/src/ros_nav': PYTHONPATH=/home/vscode/workspace/nav_workspace/build/ros_nav/prefix_override:/usr/lib/python3/dist-packages/colcon_core/task/python/colcon_distutils_commands:/home/vscode/workspace/nav_workspace/install/ros_nav/lib/python3.10/site-packages:${PYTHONPATH} /usr/bin/python3 -W ignore:setup.py install is deprecated setup.py egg_info --egg-base ../../build/ros_nav build --build-base /home/vscode/workspace/nav_workspace/build/ros_nav/build install --record /home/vscode/workspace/nav_workspace/build/ros_nav/install.log --single-version-externally-managed install_data
[1.776s] running egg_info
[1.777s] writing ../../build/ros_nav/ros_nav.egg-info/PKG-INFO
[1.777s] writing dependency_links to ../../build/ros_nav/ros_nav.egg-info/dependency_links.txt
[1.777s] writing entry points to ../../build/ros_nav/ros_nav.egg-info/entry_points.txt
[1.778s] writing requirements to ../../build/ros_nav/ros_nav.egg-info/requires.txt
[1.778s] writing top-level names to ../../build/ros_nav/ros_nav.egg-info/top_level.txt
[1.781s] reading manifest file '../../build/ros_nav/ros_nav.egg-info/SOURCES.txt'
[1.782s] adding license file 'LICENSE'
[1.784s] writing manifest file '../../build/ros_nav/ros_nav.egg-info/SOURCES.txt'
[1.784s] running build
[1.784s] running build_py
[1.785s] copying ros_nav/utils/motor_serial.py -> /home/vscode/workspace/nav_workspace/build/ros_nav/build/lib/ros_nav/utils
[1.785s] running install
[1.786s] running install_lib
[1.787s] copying /home/vscode/workspace/nav_workspace/build/ros_nav/build/lib/ros_nav/utils/motor_serial.py -> /home/vscode/workspace/nav_workspace/install/ros_nav/lib/python3.10/site-packages/ros_nav/utils
[1.789s] byte-compiling /home/vscode/workspace/nav_workspace/install/ros_nav/lib/python3.10/site-packages/ros_nav/utils/motor_serial.py to motor_serial.cpython-310.pyc
[1.790s] running install_data
[1.790s] running install_egg_info
[1.794s] removing '/home/vscode/workspace/nav_workspace/install/ros_nav/lib/python3.10/site-packages/ros_nav-0.0.0-py3.10.egg-info' (and everything under it)
[1.794s] Copying ../../build/ros_nav/ros_nav.egg-info to /home/vscode/workspace/nav_workspace/install/ros_nav/lib/python3.10/site-packages/ros_nav-0.0.0-py3.10.egg-info
[1.796s] running install_scripts
[1.845s] Installing drive_forward script to /home/vscode/workspace/nav_workspace/install/ros_nav/lib/ros_nav
[1.845s] Installing motor_controller script to /home/vscode/workspace/nav_workspace/install/ros_nav/lib/ros_nav
[1.846s] writing list of installed files to '/home/vscode/workspace/nav_workspace/build/ros_nav/install.log'
[1.891s] Invoked command in '/home/vscode/workspace/nav_workspace/src/ros_nav' returned '0': PYTHONPATH=/home/vscode/workspace/nav_workspace/build/ros_nav/prefix_override:/usr/lib/python3/dist-packages/colcon_core/task/python/colcon_distutils_commands:/home/vscode/workspace/nav_workspace/install/ros_nav/lib/python3.10/site-packages:${PYTHONPATH} /usr/bin/python3 -W ignore:setup.py install is deprecated setup.py egg_info --egg-base ../../build/ros_nav build --build-base /home/vscode/workspace/nav_workspace/build/ros_nav/build install --record /home/vscode/workspace/nav_workspace/build/ros_nav/install.log --single-version-externally-managed install_data
