[0.037s] Invoking command in '/home/vscode/workspace/nav_workspace/build/interfaces': CMAKE_PREFIX_PATH=${CMAKE_PREFIX_PATH}:/home/vscode/workspace/nav_workspace/install/ros_nav:/opt/ros/humble /usr/bin/cmake --build /home/vscode/workspace/nav_workspace/build/interfaces -- -j8 -l8
[0.114s] [  3%] Built target interfaces__cpp
[0.115s] [ 12%] Built target interfaces__rosidl_generator_c
[0.136s] [ 12%] Built target ament_cmake_python_copy_interfaces
[0.171s] [ 22%] Built target interfaces__rosidl_typesupport_fastrtps_c
[0.175s] [ 32%] Built target interfaces__rosidl_typesupport_c
[0.181s] [ 41%] Built target interfaces__rosidl_typesupport_introspection_c
[0.186s] [ 51%] Built target interfaces__rosidl_typesupport_cpp
[0.191s] [ 61%] Built target interfaces__rosidl_typesupport_introspection_cpp
[0.193s] [ 70%] Built target interfaces__rosidl_typesupport_fastrtps_cpp
[0.226s] [ 70%] Built target interfaces
[0.256s] [ 74%] Built target interfaces__py
[0.292s] [ 80%] Built target interfaces__rosidl_generator_py
[0.337s] [ 87%] Built target interfaces__rosidl_typesupport_fastrtps_c__pyext
[0.337s] [ 93%] Built target interfaces__rosidl_typesupport_introspection_c__pyext
[0.341s] [100%] Built target interfaces__rosidl_typesupport_c__pyext
[0.740s] running egg_info
[0.741s] writing interfaces.egg-info/PKG-INFO
[0.742s] writing dependency_links to interfaces.egg-info/dependency_links.txt
[0.742s] writing top-level names to interfaces.egg-info/top_level.txt
[0.747s] reading manifest file 'interfaces.egg-info/SOURCES.txt'
[0.748s] writing manifest file 'interfaces.egg-info/SOURCES.txt'
[0.796s] [100%] Built target ament_cmake_python_build_interfaces_egg
[0.808s] Invoked command in '/home/vscode/workspace/nav_workspace/build/interfaces' returned '0': CMAKE_PREFIX_PATH=${CMAKE_PREFIX_PATH}:/home/vscode/workspace/nav_workspace/install/ros_nav:/opt/ros/humble /usr/bin/cmake --build /home/vscode/workspace/nav_workspace/build/interfaces -- -j8 -l8
[0.930s] Invoking command in '/home/vscode/workspace/nav_workspace/build/interfaces': CMAKE_PREFIX_PATH=${CMAKE_PREFIX_PATH}:/home/vscode/workspace/nav_workspace/install/ros_nav:/opt/ros/humble /usr/bin/cmake --install /home/vscode/workspace/nav_workspace/build/interfaces
[0.938s] -- Install configuration: ""
[0.939s] -- Up-to-date: /home/vscode/workspace/nav_workspace/install/interfaces/share/ament_index/resource_index/rosidl_interfaces/interfaces
[0.939s] -- Up-to-date: /home/vscode/workspace/nav_workspace/install/interfaces/include/interfaces/interfaces
[0.939s] -- Up-to-date: /home/vscode/workspace/nav_workspace/install/interfaces/include/interfaces/interfaces/msg
[0.939s] -- Up-to-date: /home/vscode/workspace/nav_workspace/install/interfaces/include/interfaces/interfaces/msg/rosidl_generator_c__visibility_control.h
[0.940s] -- Up-to-date: /home/vscode/workspace/nav_workspace/install/interfaces/include/interfaces/interfaces/msg/motor.h
[0.940s] -- Up-to-date: /home/vscode/workspace/nav_workspace/install/interfaces/include/interfaces/interfaces/msg/detail
[0.940s] -- Up-to-date: /home/vscode/workspace/nav_workspace/install/interfaces/include/interfaces/interfaces/msg/detail/motor__functions.c
[0.940s] -- Up-to-date: /home/vscode/workspace/nav_workspace/install/interfaces/include/interfaces/interfaces/msg/detail/motor__functions.h
[0.940s] -- Up-to-date: /home/vscode/workspace/nav_workspace/install/interfaces/include/interfaces/interfaces/msg/detail/motor__struct.h
[0.940s] -- Up-to-date: /home/vscode/workspace/nav_workspace/install/interfaces/include/interfaces/interfaces/msg/detail/motor__type_support.h
[0.941s] -- Up-to-date: /home/vscode/workspace/nav_workspace/install/interfaces/share/interfaces/environment/library_path.sh
[0.941s] -- Up-to-date: /home/vscode/workspace/nav_workspace/install/interfaces/share/interfaces/environment/library_path.dsv
[0.941s] -- Up-to-date: /home/vscode/workspace/nav_workspace/install/interfaces/lib/libinterfaces__rosidl_generator_c.so
[0.942s] -- Up-to-date: /home/vscode/workspace/nav_workspace/install/interfaces/include/interfaces/interfaces
[0.942s] -- Up-to-date: /home/vscode/workspace/nav_workspace/install/interfaces/include/interfaces/interfaces/msg
[0.942s] -- Up-to-date: /home/vscode/workspace/nav_workspace/install/interfaces/include/interfaces/interfaces/msg/rosidl_typesupport_fastrtps_c__visibility_control.h
[0.942s] -- Up-to-date: /home/vscode/workspace/nav_workspace/install/interfaces/include/interfaces/interfaces/msg/detail
[0.942s] -- Up-to-date: /home/vscode/workspace/nav_workspace/install/interfaces/include/interfaces/interfaces/msg/detail/motor__rosidl_typesupport_fastrtps_c.h
[0.942s] -- Up-to-date: /home/vscode/workspace/nav_workspace/install/interfaces/lib/libinterfaces__rosidl_typesupport_fastrtps_c.so
[0.942s] -- Up-to-date: /home/vscode/workspace/nav_workspace/install/interfaces/include/interfaces/interfaces
[0.942s] -- Up-to-date: /home/vscode/workspace/nav_workspace/install/interfaces/include/interfaces/interfaces/msg
[0.943s] -- Up-to-date: /home/vscode/workspace/nav_workspace/install/interfaces/include/interfaces/interfaces/msg/rosidl_typesupport_introspection_c__visibility_control.h
[0.943s] -- Up-to-date: /home/vscode/workspace/nav_workspace/install/interfaces/include/interfaces/interfaces/msg/detail
[0.943s] -- Up-to-date: /home/vscode/workspace/nav_workspace/install/interfaces/include/interfaces/interfaces/msg/detail/motor__rosidl_typesupport_introspection_c.h
[0.944s] -- Up-to-date: /home/vscode/workspace/nav_workspace/install/interfaces/include/interfaces/interfaces/msg/detail/motor__type_support.c
[0.944s] -- Up-to-date: /home/vscode/workspace/nav_workspace/install/interfaces/lib/libinterfaces__rosidl_typesupport_introspection_c.so
[0.944s] -- Up-to-date: /home/vscode/workspace/nav_workspace/install/interfaces/lib/libinterfaces__rosidl_typesupport_c.so
[0.944s] -- Up-to-date: /home/vscode/workspace/nav_workspace/install/interfaces/include/interfaces/interfaces
[0.944s] -- Up-to-date: /home/vscode/workspace/nav_workspace/install/interfaces/include/interfaces/interfaces/msg
[0.945s] -- Up-to-date: /home/vscode/workspace/nav_workspace/install/interfaces/include/interfaces/interfaces/msg/motor.hpp
[0.945s] -- Up-to-date: /home/vscode/workspace/nav_workspace/install/interfaces/include/interfaces/interfaces/msg/detail
[0.945s] -- Up-to-date: /home/vscode/workspace/nav_workspace/install/interfaces/include/interfaces/interfaces/msg/detail/motor__builder.hpp
[0.946s] -- Up-to-date: /home/vscode/workspace/nav_workspace/install/interfaces/include/interfaces/interfaces/msg/detail/motor__struct.hpp
[0.946s] -- Up-to-date: /home/vscode/workspace/nav_workspace/install/interfaces/include/interfaces/interfaces/msg/detail/motor__traits.hpp
[0.946s] -- Up-to-date: /home/vscode/workspace/nav_workspace/install/interfaces/include/interfaces/interfaces
[0.946s] -- Up-to-date: /home/vscode/workspace/nav_workspace/install/interfaces/include/interfaces/interfaces/msg
[0.947s] -- Up-to-date: /home/vscode/workspace/nav_workspace/install/interfaces/include/interfaces/interfaces/msg/rosidl_typesupport_fastrtps_cpp__visibility_control.h
[0.947s] -- Up-to-date: /home/vscode/workspace/nav_workspace/install/interfaces/include/interfaces/interfaces/msg/detail
[0.947s] -- Up-to-date: /home/vscode/workspace/nav_workspace/install/interfaces/include/interfaces/interfaces/msg/detail/motor__rosidl_typesupport_fastrtps_cpp.hpp
[0.948s] -- Up-to-date: /home/vscode/workspace/nav_workspace/install/interfaces/include/interfaces/interfaces/msg/detail/dds_fastrtps
[0.948s] -- Up-to-date: /home/vscode/workspace/nav_workspace/install/interfaces/lib/libinterfaces__rosidl_typesupport_fastrtps_cpp.so
[0.948s] -- Up-to-date: /home/vscode/workspace/nav_workspace/install/interfaces/include/interfaces/interfaces
[0.949s] -- Up-to-date: /home/vscode/workspace/nav_workspace/install/interfaces/include/interfaces/interfaces/msg
[0.949s] -- Up-to-date: /home/vscode/workspace/nav_workspace/install/interfaces/include/interfaces/interfaces/msg/detail
[0.950s] -- Up-to-date: /home/vscode/workspace/nav_workspace/install/interfaces/include/interfaces/interfaces/msg/detail/motor__rosidl_typesupport_introspection_cpp.hpp
[0.950s] -- Up-to-date: /home/vscode/workspace/nav_workspace/install/interfaces/include/interfaces/interfaces/msg/detail/motor__type_support.cpp
[0.950s] -- Up-to-date: /home/vscode/workspace/nav_workspace/install/interfaces/lib/libinterfaces__rosidl_typesupport_introspection_cpp.so
[0.951s] -- Up-to-date: /home/vscode/workspace/nav_workspace/install/interfaces/lib/libinterfaces__rosidl_typesupport_cpp.so
[0.951s] -- Up-to-date: /home/vscode/workspace/nav_workspace/install/interfaces/share/interfaces/environment/pythonpath.sh
[0.951s] -- Up-to-date: /home/vscode/workspace/nav_workspace/install/interfaces/share/interfaces/environment/pythonpath.dsv
[0.951s] -- Up-to-date: /home/vscode/workspace/nav_workspace/install/interfaces/local/lib/python3.10/dist-packages/interfaces-0.0.0-py3.10.egg-info
[0.951s] -- Installing: /home/vscode/workspace/nav_workspace/install/interfaces/local/lib/python3.10/dist-packages/interfaces-0.0.0-py3.10.egg-info/PKG-INFO
[0.951s] -- Installing: /home/vscode/workspace/nav_workspace/install/interfaces/local/lib/python3.10/dist-packages/interfaces-0.0.0-py3.10.egg-info/dependency_links.txt
[0.952s] -- Installing: /home/vscode/workspace/nav_workspace/install/interfaces/local/lib/python3.10/dist-packages/interfaces-0.0.0-py3.10.egg-info/top_level.txt
[0.952s] -- Installing: /home/vscode/workspace/nav_workspace/install/interfaces/local/lib/python3.10/dist-packages/interfaces-0.0.0-py3.10.egg-info/SOURCES.txt
[0.952s] -- Up-to-date: /home/vscode/workspace/nav_workspace/install/interfaces/local/lib/python3.10/dist-packages/interfaces
[0.952s] -- Up-to-date: /home/vscode/workspace/nav_workspace/install/interfaces/local/lib/python3.10/dist-packages/interfaces/__init__.py
[0.952s] -- Up-to-date: /home/vscode/workspace/nav_workspace/install/interfaces/local/lib/python3.10/dist-packages/interfaces/msg
[0.953s] -- Up-to-date: /home/vscode/workspace/nav_workspace/install/interfaces/local/lib/python3.10/dist-packages/interfaces/msg/_motor.py
[0.953s] -- Up-to-date: /home/vscode/workspace/nav_workspace/install/interfaces/local/lib/python3.10/dist-packages/interfaces/msg/_motor_s.c
[0.953s] -- Up-to-date: /home/vscode/workspace/nav_workspace/install/interfaces/local/lib/python3.10/dist-packages/interfaces/msg/__init__.py
[0.953s] -- Up-to-date: /home/vscode/workspace/nav_workspace/install/interfaces/local/lib/python3.10/dist-packages/interfaces/_interfaces_s.ep.rosidl_typesupport_fastrtps_c.c
[0.953s] -- Up-to-date: /home/vscode/workspace/nav_workspace/install/interfaces/local/lib/python3.10/dist-packages/interfaces/_interfaces_s.ep.rosidl_typesupport_introspection_c.c
[0.954s] -- Up-to-date: /home/vscode/workspace/nav_workspace/install/interfaces/local/lib/python3.10/dist-packages/interfaces/_interfaces_s.ep.rosidl_typesupport_c.c
[0.954s] -- Up-to-date: /home/vscode/workspace/nav_workspace/install/interfaces/local/lib/python3.10/dist-packages/interfaces/libinterfaces__rosidl_generator_py.so
[0.954s] -- Up-to-date: /home/vscode/workspace/nav_workspace/install/interfaces/local/lib/python3.10/dist-packages/interfaces/interfaces_s__rosidl_typesupport_introspection_c.cpython-310-x86_64-linux-gnu.so
[0.954s] -- Up-to-date: /home/vscode/workspace/nav_workspace/install/interfaces/local/lib/python3.10/dist-packages/interfaces/interfaces_s__rosidl_typesupport_fastrtps_c.cpython-310-x86_64-linux-gnu.so
[0.954s] -- Up-to-date: /home/vscode/workspace/nav_workspace/install/interfaces/local/lib/python3.10/dist-packages/interfaces/interfaces_s__rosidl_typesupport_c.cpython-310-x86_64-linux-gnu.so
[1.031s] Listing '/home/vscode/workspace/nav_workspace/install/interfaces/local/lib/python3.10/dist-packages/interfaces'...
[1.032s] Listing '/home/vscode/workspace/nav_workspace/install/interfaces/local/lib/python3.10/dist-packages/interfaces/msg'...
[1.042s] -- Up-to-date: /home/vscode/workspace/nav_workspace/install/interfaces/local/lib/python3.10/dist-packages/interfaces/interfaces_s__rosidl_typesupport_fastrtps_c.cpython-310-x86_64-linux-gnu.so
[1.042s] -- Up-to-date: /home/vscode/workspace/nav_workspace/install/interfaces/local/lib/python3.10/dist-packages/interfaces/interfaces_s__rosidl_typesupport_introspection_c.cpython-310-x86_64-linux-gnu.so
[1.043s] -- Up-to-date: /home/vscode/workspace/nav_workspace/install/interfaces/local/lib/python3.10/dist-packages/interfaces/interfaces_s__rosidl_typesupport_c.cpython-310-x86_64-linux-gnu.so
[1.043s] -- Up-to-date: /home/vscode/workspace/nav_workspace/install/interfaces/lib/libinterfaces__rosidl_generator_py.so
[1.044s] -- Up-to-date: /home/vscode/workspace/nav_workspace/install/interfaces/share/interfaces/msg/Motor.idl
[1.044s] -- Up-to-date: /home/vscode/workspace/nav_workspace/install/interfaces/share/interfaces/msg/Motor.msg
[1.045s] -- Up-to-date: /home/vscode/workspace/nav_workspace/install/interfaces/share/ament_index/resource_index/package_run_dependencies/interfaces
[1.045s] -- Up-to-date: /home/vscode/workspace/nav_workspace/install/interfaces/share/ament_index/resource_index/parent_prefix_path/interfaces
[1.045s] -- Up-to-date: /home/vscode/workspace/nav_workspace/install/interfaces/share/interfaces/environment/ament_prefix_path.sh
[1.045s] -- Up-to-date: /home/vscode/workspace/nav_workspace/install/interfaces/share/interfaces/environment/ament_prefix_path.dsv
[1.046s] -- Up-to-date: /home/vscode/workspace/nav_workspace/install/interfaces/share/interfaces/environment/path.sh
[1.046s] -- Up-to-date: /home/vscode/workspace/nav_workspace/install/interfaces/share/interfaces/environment/path.dsv
[1.046s] -- Up-to-date: /home/vscode/workspace/nav_workspace/install/interfaces/share/interfaces/local_setup.bash
[1.046s] -- Up-to-date: /home/vscode/workspace/nav_workspace/install/interfaces/share/interfaces/local_setup.sh
[1.047s] -- Up-to-date: /home/vscode/workspace/nav_workspace/install/interfaces/share/interfaces/local_setup.zsh
[1.047s] -- Up-to-date: /home/vscode/workspace/nav_workspace/install/interfaces/share/interfaces/local_setup.dsv
[1.047s] -- Installing: /home/vscode/workspace/nav_workspace/install/interfaces/share/interfaces/package.dsv
[1.048s] -- Up-to-date: /home/vscode/workspace/nav_workspace/install/interfaces/share/ament_index/resource_index/packages/interfaces
[1.048s] -- Up-to-date: /home/vscode/workspace/nav_workspace/install/interfaces/share/interfaces/cmake/export_interfaces__rosidl_generator_cExport.cmake
[1.049s] -- Up-to-date: /home/vscode/workspace/nav_workspace/install/interfaces/share/interfaces/cmake/export_interfaces__rosidl_generator_cExport-noconfig.cmake
[1.049s] -- Up-to-date: /home/vscode/workspace/nav_workspace/install/interfaces/share/interfaces/cmake/export_interfaces__rosidl_typesupport_fastrtps_cExport.cmake
[1.049s] -- Up-to-date: /home/vscode/workspace/nav_workspace/install/interfaces/share/interfaces/cmake/export_interfaces__rosidl_typesupport_fastrtps_cExport-noconfig.cmake
[1.049s] -- Up-to-date: /home/vscode/workspace/nav_workspace/install/interfaces/share/interfaces/cmake/interfaces__rosidl_typesupport_introspection_cExport.cmake
[1.050s] -- Up-to-date: /home/vscode/workspace/nav_workspace/install/interfaces/share/interfaces/cmake/interfaces__rosidl_typesupport_introspection_cExport-noconfig.cmake
[1.050s] -- Up-to-date: /home/vscode/workspace/nav_workspace/install/interfaces/share/interfaces/cmake/interfaces__rosidl_typesupport_cExport.cmake
[1.050s] -- Up-to-date: /home/vscode/workspace/nav_workspace/install/interfaces/share/interfaces/cmake/interfaces__rosidl_typesupport_cExport-noconfig.cmake
[1.051s] -- Up-to-date: /home/vscode/workspace/nav_workspace/install/interfaces/share/interfaces/cmake/export_interfaces__rosidl_generator_cppExport.cmake
[1.051s] -- Up-to-date: /home/vscode/workspace/nav_workspace/install/interfaces/share/interfaces/cmake/export_interfaces__rosidl_typesupport_fastrtps_cppExport.cmake
[1.051s] -- Up-to-date: /home/vscode/workspace/nav_workspace/install/interfaces/share/interfaces/cmake/export_interfaces__rosidl_typesupport_fastrtps_cppExport-noconfig.cmake
[1.051s] -- Up-to-date: /home/vscode/workspace/nav_workspace/install/interfaces/share/interfaces/cmake/interfaces__rosidl_typesupport_introspection_cppExport.cmake
[1.052s] -- Up-to-date: /home/vscode/workspace/nav_workspace/install/interfaces/share/interfaces/cmake/interfaces__rosidl_typesupport_introspection_cppExport-noconfig.cmake
[1.052s] -- Up-to-date: /home/vscode/workspace/nav_workspace/install/interfaces/share/interfaces/cmake/interfaces__rosidl_typesupport_cppExport.cmake
[1.052s] -- Up-to-date: /home/vscode/workspace/nav_workspace/install/interfaces/share/interfaces/cmake/interfaces__rosidl_typesupport_cppExport-noconfig.cmake
[1.052s] -- Up-to-date: /home/vscode/workspace/nav_workspace/install/interfaces/share/interfaces/cmake/export_interfaces__rosidl_generator_pyExport.cmake
[1.053s] -- Up-to-date: /home/vscode/workspace/nav_workspace/install/interfaces/share/interfaces/cmake/export_interfaces__rosidl_generator_pyExport-noconfig.cmake
[1.053s] -- Up-to-date: /home/vscode/workspace/nav_workspace/install/interfaces/share/interfaces/cmake/rosidl_cmake-extras.cmake
[1.053s] -- Up-to-date: /home/vscode/workspace/nav_workspace/install/interfaces/share/interfaces/cmake/ament_cmake_export_include_directories-extras.cmake
[1.053s] -- Up-to-date: /home/vscode/workspace/nav_workspace/install/interfaces/share/interfaces/cmake/ament_cmake_export_libraries-extras.cmake
[1.053s] -- Up-to-date: /home/vscode/workspace/nav_workspace/install/interfaces/share/interfaces/cmake/ament_cmake_export_targets-extras.cmake
[1.054s] -- Up-to-date: /home/vscode/workspace/nav_workspace/install/interfaces/share/interfaces/cmake/rosidl_cmake_export_typesupport_targets-extras.cmake
[1.054s] -- Up-to-date: /home/vscode/workspace/nav_workspace/install/interfaces/share/interfaces/cmake/ament_cmake_export_dependencies-extras.cmake
[1.054s] -- Up-to-date: /home/vscode/workspace/nav_workspace/install/interfaces/share/interfaces/cmake/rosidl_cmake_export_typesupport_libraries-extras.cmake
[1.054s] -- Up-to-date: /home/vscode/workspace/nav_workspace/install/interfaces/share/interfaces/cmake/interfacesConfig.cmake
[1.054s] -- Up-to-date: /home/vscode/workspace/nav_workspace/install/interfaces/share/interfaces/cmake/interfacesConfig-version.cmake
[1.055s] -- Up-to-date: /home/vscode/workspace/nav_workspace/install/interfaces/share/interfaces/package.xml
[1.056s] Invoked command in '/home/vscode/workspace/nav_workspace/build/interfaces' returned '0': CMAKE_PREFIX_PATH=${CMAKE_PREFIX_PATH}:/home/vscode/workspace/nav_workspace/install/ros_nav:/opt/ros/humble /usr/bin/cmake --install /home/vscode/workspace/nav_workspace/build/interfaces
