running egg_info
writing ../../build/ros_nav/ros_nav.egg-info/PKG-INFO
writing dependency_links to ../../build/ros_nav/ros_nav.egg-info/dependency_links.txt
writing entry points to ../../build/ros_nav/ros_nav.egg-info/entry_points.txt
writing requirements to ../../build/ros_nav/ros_nav.egg-info/requires.txt
writing top-level names to ../../build/ros_nav/ros_nav.egg-info/top_level.txt
reading manifest file '../../build/ros_nav/ros_nav.egg-info/SOURCES.txt'
adding license file 'LICENSE'
writing manifest file '../../build/ros_nav/ros_nav.egg-info/SOURCES.txt'
running build
running build_py
copying ros_nav/utils/motor_serial.py -> /home/vscode/workspace/nav_workspace/build/ros_nav/build/lib/ros_nav/utils
running install
running install_lib
copying /home/vscode/workspace/nav_workspace/build/ros_nav/build/lib/ros_nav/utils/motor_serial.py -> /home/vscode/workspace/nav_workspace/install/ros_nav/lib/python3.10/site-packages/ros_nav/utils
byte-compiling /home/vscode/workspace/nav_workspace/install/ros_nav/lib/python3.10/site-packages/ros_nav/utils/motor_serial.py to motor_serial.cpython-310.pyc
running install_data
running install_egg_info
removing '/home/vscode/workspace/nav_workspace/install/ros_nav/lib/python3.10/site-packages/ros_nav-0.0.0-py3.10.egg-info' (and everything under it)
Copying ../../build/ros_nav/ros_nav.egg-info to /home/vscode/workspace/nav_workspace/install/ros_nav/lib/python3.10/site-packages/ros_nav-0.0.0-py3.10.egg-info
running install_scripts
Installing drive_forward script to /home/vscode/workspace/nav_workspace/install/ros_nav/lib/ros_nav
Installing motor_controller script to /home/vscode/workspace/nav_workspace/install/ros_nav/lib/ros_nav
writing list of installed files to '/home/vscode/workspace/nav_workspace/build/ros_nav/install.log'
