[1.421s] Invoking command in '/home/vscode/workspace/nav_workspace/src/ros_nav': PYTHONPATH=/home/vscode/workspace/nav_workspace/build/ros_nav/prefix_override:/usr/lib/python3/dist-packages/colcon_core/task/python/colcon_distutils_commands:/home/vscode/workspace/nav_workspace/install/ros_nav/lib/python3.10/site-packages:${PYTHONPATH} /usr/bin/python3 -W ignore:setup.py install is deprecated setup.py egg_info --egg-base ../../build/ros_nav build --build-base /home/vscode/workspace/nav_workspace/build/ros_nav/build install --record /home/vscode/workspace/nav_workspace/build/ros_nav/install.log --single-version-externally-managed install_data
[1.871s] running egg_info
[1.872s] writing ../../build/ros_nav/ros_nav.egg-info/PKG-INFO
[1.872s] writing dependency_links to ../../build/ros_nav/ros_nav.egg-info/dependency_links.txt
[1.873s] writing entry points to ../../build/ros_nav/ros_nav.egg-info/entry_points.txt
[1.873s] writing requirements to ../../build/ros_nav/ros_nav.egg-info/requires.txt
[1.873s] writing top-level names to ../../build/ros_nav/ros_nav.egg-info/top_level.txt
[1.877s] reading manifest file '../../build/ros_nav/ros_nav.egg-info/SOURCES.txt'
[1.877s] adding license file 'LICENSE'
[1.879s] writing manifest file '../../build/ros_nav/ros_nav.egg-info/SOURCES.txt'
[1.879s] running build
[1.879s] running build_py
[1.880s] copying ros_nav/utils/motor_serial.py -> /home/vscode/workspace/nav_workspace/build/ros_nav/build/lib/ros_nav/utils
[1.881s] running install
[1.881s] running install_lib
[1.883s] copying /home/vscode/workspace/nav_workspace/build/ros_nav/build/lib/ros_nav/utils/motor_serial.py -> /home/vscode/workspace/nav_workspace/install/ros_nav/lib/python3.10/site-packages/ros_nav/utils
[1.884s] byte-compiling /home/vscode/workspace/nav_workspace/install/ros_nav/lib/python3.10/site-packages/ros_nav/utils/motor_serial.py to motor_serial.cpython-310.pyc
[1.886s] running install_data
[1.886s] running install_egg_info
[1.890s] removing '/home/vscode/workspace/nav_workspace/install/ros_nav/lib/python3.10/site-packages/ros_nav-0.0.0-py3.10.egg-info' (and everything under it)
[1.890s] Copying ../../build/ros_nav/ros_nav.egg-info to /home/vscode/workspace/nav_workspace/install/ros_nav/lib/python3.10/site-packages/ros_nav-0.0.0-py3.10.egg-info
[1.892s] running install_scripts
[1.941s] Installing drive_forward script to /home/vscode/workspace/nav_workspace/install/ros_nav/lib/ros_nav
[1.941s] Installing motor_controller script to /home/vscode/workspace/nav_workspace/install/ros_nav/lib/ros_nav
[1.942s] writing list of installed files to '/home/vscode/workspace/nav_workspace/build/ros_nav/install.log'
[1.989s] Invoked command in '/home/vscode/workspace/nav_workspace/src/ros_nav' returned '0': PYTHONPATH=/home/vscode/workspace/nav_workspace/build/ros_nav/prefix_override:/usr/lib/python3/dist-packages/colcon_core/task/python/colcon_distutils_commands:/home/vscode/workspace/nav_workspace/install/ros_nav/lib/python3.10/site-packages:${PYTHONPATH} /usr/bin/python3 -W ignore:setup.py install is deprecated setup.py egg_info --egg-base ../../build/ros_nav build --build-base /home/vscode/workspace/nav_workspace/build/ros_nav/build install --record /home/vscode/workspace/nav_workspace/build/ros_nav/install.log --single-version-externally-managed install_data
