/home/vscode/workspace/nav_workspace/install/ros_nav/lib/python3.10/site-packages/ros_nav/__init__.py
/home/vscode/workspace/nav_workspace/install/ros_nav/lib/python3.10/site-packages/ros_nav/drive_forward.py
/home/vscode/workspace/nav_workspace/install/ros_nav/lib/python3.10/site-packages/ros_nav/motor_controller.py
/home/vscode/workspace/nav_workspace/install/ros_nav/lib/python3.10/site-packages/ros_nav/utils/__init__.py
/home/vscode/workspace/nav_workspace/install/ros_nav/lib/python3.10/site-packages/ros_nav/utils/drive_test.py
/home/vscode/workspace/nav_workspace/install/ros_nav/lib/python3.10/site-packages/ros_nav/utils/motor_serial.py
/home/vscode/workspace/nav_workspace/install/ros_nav/lib/python3.10/site-packages/ros_nav/__pycache__/__init__.cpython-310.pyc
/home/vscode/workspace/nav_workspace/install/ros_nav/lib/python3.10/site-packages/ros_nav/__pycache__/drive_forward.cpython-310.pyc
/home/vscode/workspace/nav_workspace/install/ros_nav/lib/python3.10/site-packages/ros_nav/__pycache__/motor_controller.cpython-310.pyc
/home/vscode/workspace/nav_workspace/install/ros_nav/lib/python3.10/site-packages/ros_nav/utils/__pycache__/__init__.cpython-310.pyc
/home/vscode/workspace/nav_workspace/install/ros_nav/lib/python3.10/site-packages/ros_nav/utils/__pycache__/drive_test.cpython-310.pyc
/home/vscode/workspace/nav_workspace/install/ros_nav/lib/python3.10/site-packages/ros_nav/utils/__pycache__/motor_serial.cpython-310.pyc
/home/vscode/workspace/nav_workspace/install/ros_nav/share/ament_index/resource_index/packages/ros_nav
/home/vscode/workspace/nav_workspace/install/ros_nav/share/ros_nav/package.xml
/home/vscode/workspace/nav_workspace/install/ros_nav/lib/python3.10/site-packages/ros_nav-0.0.0-py3.10.egg-info/PKG-INFO
/home/vscode/workspace/nav_workspace/install/ros_nav/lib/python3.10/site-packages/ros_nav-0.0.0-py3.10.egg-info/zip-safe
/home/vscode/workspace/nav_workspace/install/ros_nav/lib/python3.10/site-packages/ros_nav-0.0.0-py3.10.egg-info/dependency_links.txt
/home/vscode/workspace/nav_workspace/install/ros_nav/lib/python3.10/site-packages/ros_nav-0.0.0-py3.10.egg-info/entry_points.txt
/home/vscode/workspace/nav_workspace/install/ros_nav/lib/python3.10/site-packages/ros_nav-0.0.0-py3.10.egg-info/requires.txt
/home/vscode/workspace/nav_workspace/install/ros_nav/lib/python3.10/site-packages/ros_nav-0.0.0-py3.10.egg-info/top_level.txt
/home/vscode/workspace/nav_workspace/install/ros_nav/lib/python3.10/site-packages/ros_nav-0.0.0-py3.10.egg-info/SOURCES.txt
/home/vscode/workspace/nav_workspace/install/ros_nav/lib/ros_nav/drive_forward
/home/vscode/workspace/nav_workspace/install/ros_nav/lib/ros_nav/motor_controller
