[0.035s] Invoking command in '/home/vscode/workspace/nav_workspace/build/interfaces': CMAKE_PREFIX_PATH=/opt/ros/humble /usr/bin/cmake --build /home/vscode/workspace/nav_workspace/build/interfaces -- -j8 -l8
[0.107s] [  3%] Built target interfaces__cpp
[0.108s] [ 12%] Built target interfaces__rosidl_generator_c
[0.118s] [ 12%] Built target ament_cmake_python_copy_interfaces
[0.146s] [ 22%] Built target interfaces__rosidl_typesupport_cpp
[0.151s] [ 32%] Built target interfaces__rosidl_typesupport_introspection_cpp
[0.151s] [ 41%] Built target interfaces__rosidl_typesupport_fastrtps_cpp
[0.154s] [ 51%] Built target interfaces__rosidl_typesupport_c
[0.158s] [ 70%] Built target interfaces__rosidl_typesupport_introspection_c
[0.159s] [ 70%] Built target interfaces__rosidl_typesupport_fastrtps_c
[0.180s] [ 70%] Built target interfaces
[0.201s] [ 74%] Built target interfaces__py
[0.230s] [ 80%] Built target interfaces__rosidl_generator_py
[0.259s] [ 87%] Built target interfaces__rosidl_typesupport_c__pyext
[0.261s] [ 93%] Built target interfaces__rosidl_typesupport_introspection_c__pyext
[0.262s] [100%] Built target interfaces__rosidl_typesupport_fastrtps_c__pyext
[0.596s] running egg_info
[0.597s] writing interfaces.egg-info/PKG-INFO
[0.598s] writing dependency_links to interfaces.egg-info/dependency_links.txt
[0.598s] writing top-level names to interfaces.egg-info/top_level.txt
[0.604s] reading manifest file 'interfaces.egg-info/SOURCES.txt'
[0.605s] writing manifest file 'interfaces.egg-info/SOURCES.txt'
[0.652s] [100%] Built target ament_cmake_python_build_interfaces_egg
[0.665s] Invoked command in '/home/vscode/workspace/nav_workspace/build/interfaces' returned '0': CMAKE_PREFIX_PATH=/opt/ros/humble /usr/bin/cmake --build /home/vscode/workspace/nav_workspace/build/interfaces -- -j8 -l8
[0.764s] Invoking command in '/home/vscode/workspace/nav_workspace/build/interfaces': CMAKE_PREFIX_PATH=/opt/ros/humble /usr/bin/cmake --install /home/vscode/workspace/nav_workspace/build/interfaces
[0.782s] -- Install configuration: ""
[0.782s] -- Up-to-date: /home/vscode/workspace/nav_workspace/install/interfaces/share/ament_index/resource_index/rosidl_interfaces/interfaces
[0.782s] -- Up-to-date: /home/vscode/workspace/nav_workspace/install/interfaces/include/interfaces/interfaces
[0.782s] -- Up-to-date: /home/vscode/workspace/nav_workspace/install/interfaces/include/interfaces/interfaces/msg
[0.782s] -- Up-to-date: /home/vscode/workspace/nav_workspace/install/interfaces/include/interfaces/interfaces/msg/rosidl_generator_c__visibility_control.h
[0.783s] -- Up-to-date: /home/vscode/workspace/nav_workspace/install/interfaces/include/interfaces/interfaces/msg/motor.h
[0.783s] -- Up-to-date: /home/vscode/workspace/nav_workspace/install/interfaces/include/interfaces/interfaces/msg/detail
[0.783s] -- Up-to-date: /home/vscode/workspace/nav_workspace/install/interfaces/include/interfaces/interfaces/msg/detail/motor__functions.c
[0.783s] -- Up-to-date: /home/vscode/workspace/nav_workspace/install/interfaces/include/interfaces/interfaces/msg/detail/motor__functions.h
[0.783s] -- Up-to-date: /home/vscode/workspace/nav_workspace/install/interfaces/include/interfaces/interfaces/msg/detail/motor__struct.h
[0.783s] -- Up-to-date: /home/vscode/workspace/nav_workspace/install/interfaces/include/interfaces/interfaces/msg/detail/motor__type_support.h
[0.784s] -- Up-to-date: /home/vscode/workspace/nav_workspace/install/interfaces/share/interfaces/environment/library_path.sh
[0.784s] -- Up-to-date: /home/vscode/workspace/nav_workspace/install/interfaces/share/interfaces/environment/library_path.dsv
[0.784s] -- Up-to-date: /home/vscode/workspace/nav_workspace/install/interfaces/lib/libinterfaces__rosidl_generator_c.so
[0.784s] -- Up-to-date: /home/vscode/workspace/nav_workspace/install/interfaces/include/interfaces/interfaces
[0.784s] -- Up-to-date: /home/vscode/workspace/nav_workspace/install/interfaces/include/interfaces/interfaces/msg
[0.784s] -- Up-to-date: /home/vscode/workspace/nav_workspace/install/interfaces/include/interfaces/interfaces/msg/rosidl_typesupport_fastrtps_c__visibility_control.h
[0.784s] -- Up-to-date: /home/vscode/workspace/nav_workspace/install/interfaces/include/interfaces/interfaces/msg/detail
[0.785s] -- Up-to-date: /home/vscode/workspace/nav_workspace/install/interfaces/include/interfaces/interfaces/msg/detail/motor__rosidl_typesupport_fastrtps_c.h
[0.785s] -- Up-to-date: /home/vscode/workspace/nav_workspace/install/interfaces/lib/libinterfaces__rosidl_typesupport_fastrtps_c.so
[0.785s] -- Up-to-date: /home/vscode/workspace/nav_workspace/install/interfaces/include/interfaces/interfaces
[0.785s] -- Up-to-date: /home/vscode/workspace/nav_workspace/install/interfaces/include/interfaces/interfaces/msg
[0.785s] -- Up-to-date: /home/vscode/workspace/nav_workspace/install/interfaces/include/interfaces/interfaces/msg/rosidl_typesupport_introspection_c__visibility_control.h
[0.785s] -- Up-to-date: /home/vscode/workspace/nav_workspace/install/interfaces/include/interfaces/interfaces/msg/detail
[0.786s] -- Up-to-date: /home/vscode/workspace/nav_workspace/install/interfaces/include/interfaces/interfaces/msg/detail/motor__rosidl_typesupport_introspection_c.h
[0.786s] -- Up-to-date: /home/vscode/workspace/nav_workspace/install/interfaces/include/interfaces/interfaces/msg/detail/motor__type_support.c
[0.786s] -- Up-to-date: /home/vscode/workspace/nav_workspace/install/interfaces/lib/libinterfaces__rosidl_typesupport_introspection_c.so
[0.786s] -- Up-to-date: /home/vscode/workspace/nav_workspace/install/interfaces/lib/libinterfaces__rosidl_typesupport_c.so
[0.786s] -- Up-to-date: /home/vscode/workspace/nav_workspace/install/interfaces/include/interfaces/interfaces
[0.786s] -- Up-to-date: /home/vscode/workspace/nav_workspace/install/interfaces/include/interfaces/interfaces/msg
[0.786s] -- Up-to-date: /home/vscode/workspace/nav_workspace/install/interfaces/include/interfaces/interfaces/msg/motor.hpp
[0.786s] -- Up-to-date: /home/vscode/workspace/nav_workspace/install/interfaces/include/interfaces/interfaces/msg/detail
[0.786s] -- Up-to-date: /home/vscode/workspace/nav_workspace/install/interfaces/include/interfaces/interfaces/msg/detail/motor__builder.hpp
[0.787s] -- Up-to-date: /home/vscode/workspace/nav_workspace/install/interfaces/include/interfaces/interfaces/msg/detail/motor__struct.hpp
[0.787s] -- Up-to-date: /home/vscode/workspace/nav_workspace/install/interfaces/include/interfaces/interfaces/msg/detail/motor__traits.hpp
[0.787s] -- Up-to-date: /home/vscode/workspace/nav_workspace/install/interfaces/include/interfaces/interfaces
[0.787s] -- Up-to-date: /home/vscode/workspace/nav_workspace/install/interfaces/include/interfaces/interfaces/msg
[0.787s] -- Up-to-date: /home/vscode/workspace/nav_workspace/install/interfaces/include/interfaces/interfaces/msg/rosidl_typesupport_fastrtps_cpp__visibility_control.h
[0.787s] -- Up-to-date: /home/vscode/workspace/nav_workspace/install/interfaces/include/interfaces/interfaces/msg/detail
[0.787s] -- Up-to-date: /home/vscode/workspace/nav_workspace/install/interfaces/include/interfaces/interfaces/msg/detail/motor__rosidl_typesupport_fastrtps_cpp.hpp
[0.787s] -- Up-to-date: /home/vscode/workspace/nav_workspace/install/interfaces/include/interfaces/interfaces/msg/detail/dds_fastrtps
[0.788s] -- Up-to-date: /home/vscode/workspace/nav_workspace/install/interfaces/lib/libinterfaces__rosidl_typesupport_fastrtps_cpp.so
[0.788s] -- Up-to-date: /home/vscode/workspace/nav_workspace/install/interfaces/include/interfaces/interfaces
[0.788s] -- Up-to-date: /home/vscode/workspace/nav_workspace/install/interfaces/include/interfaces/interfaces/msg
[0.788s] -- Up-to-date: /home/vscode/workspace/nav_workspace/install/interfaces/include/interfaces/interfaces/msg/detail
[0.788s] -- Up-to-date: /home/vscode/workspace/nav_workspace/install/interfaces/include/interfaces/interfaces/msg/detail/motor__rosidl_typesupport_introspection_cpp.hpp
[0.788s] -- Up-to-date: /home/vscode/workspace/nav_workspace/install/interfaces/include/interfaces/interfaces/msg/detail/motor__type_support.cpp
[0.788s] -- Up-to-date: /home/vscode/workspace/nav_workspace/install/interfaces/lib/libinterfaces__rosidl_typesupport_introspection_cpp.so
[0.789s] -- Up-to-date: /home/vscode/workspace/nav_workspace/install/interfaces/lib/libinterfaces__rosidl_typesupport_cpp.so
[0.789s] -- Up-to-date: /home/vscode/workspace/nav_workspace/install/interfaces/share/interfaces/environment/pythonpath.sh
[0.789s] -- Up-to-date: /home/vscode/workspace/nav_workspace/install/interfaces/share/interfaces/environment/pythonpath.dsv
[0.790s] -- Up-to-date: /home/vscode/workspace/nav_workspace/install/interfaces/local/lib/python3.10/dist-packages/interfaces-0.0.0-py3.10.egg-info
[0.790s] -- Installing: /home/vscode/workspace/nav_workspace/install/interfaces/local/lib/python3.10/dist-packages/interfaces-0.0.0-py3.10.egg-info/PKG-INFO
[0.790s] -- Installing: /home/vscode/workspace/nav_workspace/install/interfaces/local/lib/python3.10/dist-packages/interfaces-0.0.0-py3.10.egg-info/dependency_links.txt
[0.790s] -- Installing: /home/vscode/workspace/nav_workspace/install/interfaces/local/lib/python3.10/dist-packages/interfaces-0.0.0-py3.10.egg-info/top_level.txt
[0.790s] -- Installing: /home/vscode/workspace/nav_workspace/install/interfaces/local/lib/python3.10/dist-packages/interfaces-0.0.0-py3.10.egg-info/SOURCES.txt
[0.791s] -- Up-to-date: /home/vscode/workspace/nav_workspace/install/interfaces/local/lib/python3.10/dist-packages/interfaces
[0.791s] -- Up-to-date: /home/vscode/workspace/nav_workspace/install/interfaces/local/lib/python3.10/dist-packages/interfaces/__init__.py
[0.791s] -- Up-to-date: /home/vscode/workspace/nav_workspace/install/interfaces/local/lib/python3.10/dist-packages/interfaces/msg
[0.791s] -- Up-to-date: /home/vscode/workspace/nav_workspace/install/interfaces/local/lib/python3.10/dist-packages/interfaces/msg/_motor.py
[0.791s] -- Up-to-date: /home/vscode/workspace/nav_workspace/install/interfaces/local/lib/python3.10/dist-packages/interfaces/msg/_motor_s.c
[0.791s] -- Up-to-date: /home/vscode/workspace/nav_workspace/install/interfaces/local/lib/python3.10/dist-packages/interfaces/msg/__init__.py
[0.791s] -- Up-to-date: /home/vscode/workspace/nav_workspace/install/interfaces/local/lib/python3.10/dist-packages/interfaces/_interfaces_s.ep.rosidl_typesupport_fastrtps_c.c
[0.791s] -- Up-to-date: /home/vscode/workspace/nav_workspace/install/interfaces/local/lib/python3.10/dist-packages/interfaces/_interfaces_s.ep.rosidl_typesupport_introspection_c.c
[0.792s] -- Up-to-date: /home/vscode/workspace/nav_workspace/install/interfaces/local/lib/python3.10/dist-packages/interfaces/_interfaces_s.ep.rosidl_typesupport_c.c
[0.792s] -- Up-to-date: /home/vscode/workspace/nav_workspace/install/interfaces/local/lib/python3.10/dist-packages/interfaces/libinterfaces__rosidl_generator_py.so
[0.792s] -- Up-to-date: /home/vscode/workspace/nav_workspace/install/interfaces/local/lib/python3.10/dist-packages/interfaces/interfaces_s__rosidl_typesupport_introspection_c.cpython-310-x86_64-linux-gnu.so
[0.792s] -- Up-to-date: /home/vscode/workspace/nav_workspace/install/interfaces/local/lib/python3.10/dist-packages/interfaces/interfaces_s__rosidl_typesupport_fastrtps_c.cpython-310-x86_64-linux-gnu.so
[0.792s] -- Up-to-date: /home/vscode/workspace/nav_workspace/install/interfaces/local/lib/python3.10/dist-packages/interfaces/interfaces_s__rosidl_typesupport_c.cpython-310-x86_64-linux-gnu.so
[0.866s] Listing '/home/vscode/workspace/nav_workspace/install/interfaces/local/lib/python3.10/dist-packages/interfaces'...
[0.866s] Listing '/home/vscode/workspace/nav_workspace/install/interfaces/local/lib/python3.10/dist-packages/interfaces/msg'...
[0.875s] -- Up-to-date: /home/vscode/workspace/nav_workspace/install/interfaces/local/lib/python3.10/dist-packages/interfaces/interfaces_s__rosidl_typesupport_fastrtps_c.cpython-310-x86_64-linux-gnu.so
[0.876s] -- Up-to-date: /home/vscode/workspace/nav_workspace/install/interfaces/local/lib/python3.10/dist-packages/interfaces/interfaces_s__rosidl_typesupport_introspection_c.cpython-310-x86_64-linux-gnu.so
[0.876s] -- Up-to-date: /home/vscode/workspace/nav_workspace/install/interfaces/local/lib/python3.10/dist-packages/interfaces/interfaces_s__rosidl_typesupport_c.cpython-310-x86_64-linux-gnu.so
[0.877s] -- Up-to-date: /home/vscode/workspace/nav_workspace/install/interfaces/lib/libinterfaces__rosidl_generator_py.so
[0.877s] -- Up-to-date: /home/vscode/workspace/nav_workspace/install/interfaces/share/interfaces/msg/Motor.idl
[0.878s] -- Up-to-date: /home/vscode/workspace/nav_workspace/install/interfaces/share/interfaces/msg/Motor.msg
[0.878s] -- Up-to-date: /home/vscode/workspace/nav_workspace/install/interfaces/share/ament_index/resource_index/package_run_dependencies/interfaces
[0.878s] -- Up-to-date: /home/vscode/workspace/nav_workspace/install/interfaces/share/ament_index/resource_index/parent_prefix_path/interfaces
[0.879s] -- Up-to-date: /home/vscode/workspace/nav_workspace/install/interfaces/share/interfaces/environment/ament_prefix_path.sh
[0.879s] -- Up-to-date: /home/vscode/workspace/nav_workspace/install/interfaces/share/interfaces/environment/ament_prefix_path.dsv
[0.879s] -- Up-to-date: /home/vscode/workspace/nav_workspace/install/interfaces/share/interfaces/environment/path.sh
[0.879s] -- Up-to-date: /home/vscode/workspace/nav_workspace/install/interfaces/share/interfaces/environment/path.dsv
[0.879s] -- Up-to-date: /home/vscode/workspace/nav_workspace/install/interfaces/share/interfaces/local_setup.bash
[0.880s] -- Up-to-date: /home/vscode/workspace/nav_workspace/install/interfaces/share/interfaces/local_setup.sh
[0.880s] -- Up-to-date: /home/vscode/workspace/nav_workspace/install/interfaces/share/interfaces/local_setup.zsh
[0.880s] -- Up-to-date: /home/vscode/workspace/nav_workspace/install/interfaces/share/interfaces/local_setup.dsv
[0.880s] -- Installing: /home/vscode/workspace/nav_workspace/install/interfaces/share/interfaces/package.dsv
[0.880s] -- Up-to-date: /home/vscode/workspace/nav_workspace/install/interfaces/share/ament_index/resource_index/packages/interfaces
[0.881s] -- Up-to-date: /home/vscode/workspace/nav_workspace/install/interfaces/share/interfaces/cmake/export_interfaces__rosidl_generator_cExport.cmake
[0.881s] -- Up-to-date: /home/vscode/workspace/nav_workspace/install/interfaces/share/interfaces/cmake/export_interfaces__rosidl_generator_cExport-noconfig.cmake
[0.882s] -- Up-to-date: /home/vscode/workspace/nav_workspace/install/interfaces/share/interfaces/cmake/export_interfaces__rosidl_typesupport_fastrtps_cExport.cmake
[0.882s] -- Up-to-date: /home/vscode/workspace/nav_workspace/install/interfaces/share/interfaces/cmake/export_interfaces__rosidl_typesupport_fastrtps_cExport-noconfig.cmake
[0.883s] -- Up-to-date: /home/vscode/workspace/nav_workspace/install/interfaces/share/interfaces/cmake/interfaces__rosidl_typesupport_introspection_cExport.cmake
[0.883s] -- Up-to-date: /home/vscode/workspace/nav_workspace/install/interfaces/share/interfaces/cmake/interfaces__rosidl_typesupport_introspection_cExport-noconfig.cmake
[0.884s] -- Up-to-date: /home/vscode/workspace/nav_workspace/install/interfaces/share/interfaces/cmake/interfaces__rosidl_typesupport_cExport.cmake
[0.884s] -- Up-to-date: /home/vscode/workspace/nav_workspace/install/interfaces/share/interfaces/cmake/interfaces__rosidl_typesupport_cExport-noconfig.cmake
[0.885s] -- Up-to-date: /home/vscode/workspace/nav_workspace/install/interfaces/share/interfaces/cmake/export_interfaces__rosidl_generator_cppExport.cmake
[0.885s] -- Up-to-date: /home/vscode/workspace/nav_workspace/install/interfaces/share/interfaces/cmake/export_interfaces__rosidl_typesupport_fastrtps_cppExport.cmake
[0.885s] -- Up-to-date: /home/vscode/workspace/nav_workspace/install/interfaces/share/interfaces/cmake/export_interfaces__rosidl_typesupport_fastrtps_cppExport-noconfig.cmake
[0.886s] -- Up-to-date: /home/vscode/workspace/nav_workspace/install/interfaces/share/interfaces/cmake/interfaces__rosidl_typesupport_introspection_cppExport.cmake
[0.886s] -- Up-to-date: /home/vscode/workspace/nav_workspace/install/interfaces/share/interfaces/cmake/interfaces__rosidl_typesupport_introspection_cppExport-noconfig.cmake
[0.887s] -- Up-to-date: /home/vscode/workspace/nav_workspace/install/interfaces/share/interfaces/cmake/interfaces__rosidl_typesupport_cppExport.cmake
[0.887s] -- Up-to-date: /home/vscode/workspace/nav_workspace/install/interfaces/share/interfaces/cmake/interfaces__rosidl_typesupport_cppExport-noconfig.cmake
[0.888s] -- Up-to-date: /home/vscode/workspace/nav_workspace/install/interfaces/share/interfaces/cmake/export_interfaces__rosidl_generator_pyExport.cmake
[0.889s] -- Up-to-date: /home/vscode/workspace/nav_workspace/install/interfaces/share/interfaces/cmake/export_interfaces__rosidl_generator_pyExport-noconfig.cmake
[0.889s] -- Up-to-date: /home/vscode/workspace/nav_workspace/install/interfaces/share/interfaces/cmake/rosidl_cmake-extras.cmake
[0.889s] -- Up-to-date: /home/vscode/workspace/nav_workspace/install/interfaces/share/interfaces/cmake/ament_cmake_export_include_directories-extras.cmake
[0.890s] -- Up-to-date: /home/vscode/workspace/nav_workspace/install/interfaces/share/interfaces/cmake/ament_cmake_export_libraries-extras.cmake
[0.890s] -- Up-to-date: /home/vscode/workspace/nav_workspace/install/interfaces/share/interfaces/cmake/ament_cmake_export_targets-extras.cmake
[0.890s] -- Up-to-date: /home/vscode/workspace/nav_workspace/install/interfaces/share/interfaces/cmake/rosidl_cmake_export_typesupport_targets-extras.cmake
[0.890s] -- Up-to-date: /home/vscode/workspace/nav_workspace/install/interfaces/share/interfaces/cmake/ament_cmake_export_dependencies-extras.cmake
[0.890s] -- Up-to-date: /home/vscode/workspace/nav_workspace/install/interfaces/share/interfaces/cmake/rosidl_cmake_export_typesupport_libraries-extras.cmake
[0.891s] -- Up-to-date: /home/vscode/workspace/nav_workspace/install/interfaces/share/interfaces/cmake/interfacesConfig.cmake
[0.891s] -- Up-to-date: /home/vscode/workspace/nav_workspace/install/interfaces/share/interfaces/cmake/interfacesConfig-version.cmake
[0.891s] -- Up-to-date: /home/vscode/workspace/nav_workspace/install/interfaces/share/interfaces/package.xml
[0.894s] Invoked command in '/home/vscode/workspace/nav_workspace/build/interfaces' returned '0': CMAKE_PREFIX_PATH=/opt/ros/humble /usr/bin/cmake --install /home/vscode/workspace/nav_workspace/build/interfaces
